-0.092018751415068323 -0.18319509205166895 -2.3258394294218832
-0.091271593294584008 -0.1824478721785816 2.596884306330649
-2.5545798522039753 -0.18244801238909147 0.13666942569257046
-0.091271614081955832 2.2777670852265341 0.13666933134914849
-0.091182141353174373 -2.6453612338512844 0.13551774561970653
-0.091167615722038825 -0.18245298334895743 -2.3266552134180163
-0.091187381437318749 -2.6442404053150792 0.13663796270635409
-2.5529294853282747 -0.18401094746933744 0.13666441976778465
2.370666178834302 -0.18358916942173842 0.13552807558436797
-0.089939913745284983 -0.1824336167839391 -2.326233595825844
2.3707057346248339 -0.18247339827870412 0.1366437927896591
-2.5517014531630799 -0.18358922203565164 0.13668359840623978
-0.092423229580473887 -0.18235849969117091 2.5972792351640628
-0.091276365231873768 -2.6441058346430482 0.13510637124447555
-0.092834471528968621 -2.6441057874243885 0.13666457405392407
-0.091302451600272505 -0.18236404888327673 2.5983998859342439
2.3705761737701225 -0.18236156905981904 0.13508929976580042
-0.091167342845110771 -0.1823435484034738 -2.3266722799946127
-0.091188454650170669 -0.18234040080646829 -2.3251291928452211
2.3705974940992887 -0.1823650041011815 0.13663308114142403
2.3706852238424281 -0.18236118697267933 0.13510640410951957
2.3718321789323316 -0.1823469051691704 0.13551764340657968
-2.5528119303930286 -0.18234154318209797 0.13663842187594533
-0.089518142612821094 -0.18236119685954844 -2.3250971749209093
-0.092412866154356621 -0.18227176215201979 -2.3262335609870455
-0.091257300402158847 -2.6428778000375797 0.13552803387351098
-0.092412829725940782 2.2806453876631494 0.13668357527119035
-0.091297129930500986 -0.18223205962697442 2.5984054679026869
-0.091184816724654283 -2.644014329506672 0.13510637154556804
-0.091170520146939674 2.2806557499008839 0.13551768000730213
-0.091184829523971445 -0.18069453167135485 2.5984261106453133
-0.091165160186223074 -0.18222665312284114 -2.3251231882452927
-0.091081256571090563 -0.18225755356571227 -2.326638859307284
-0.090333940682363334 -0.18151032471402928 -2.3258394655847336
-2.5528427808139131 -0.18071081811599221 0.13666931281375305
-2.5512961137090784 -0.18225753304423886 0.13666932043143731
-0.092423052341139567 -2.6453611962220513 0.13675856914829865
-2.5530639325026527 -0.18247892802825127 0.13675356318221255
-0.092834464463509292 -2.6442143826999054 0.13677312279648313
-0.091276366254167129 -0.18401120218158873 -2.3249885866880029
-0.091185361224099815 -0.18402789713789502 2.5985172384540567
-0.091164167135050753 -0.18248453924596397 2.598513986189932
-2.552949983909647 -0.18248468787751548 0.13677679980258275
-0.091167230129164778 -0.18402766954617178 -2.3249880464540524
-0.09107635182614704 2.2777507167222044 0.13675609393293264
-0.089518159459123225 2.2793088763757297 0.13675606350638247
-0.0910503246116523 2.2792828015649746 0.13677569351891011
-0.089929457702808691 2.2781619876661718 0.13677031005038839
2.3689100117525452 -0.18236168229657235 0.13675553744174618
-0.091308612929941191 2.2794216086951815 0.13675257277789843
2.3689101088537612 -0.18234367830912329 0.13677354190917002
2.3704530406472024 -0.18236488029788056 0.13677687234864078
-0.091189653295353779 2.2793955261618537 0.13675076484731541
-0.091162922060502222 -2.6441009353158367 0.13675114203459682
-2.5529513228466083 -0.18233936238643872 0.13677791108996365
-0.091163221565799785 -0.18236638294588658 2.5985394296541009
-2.5528058650180485 -0.18236497467727375 0.136752240512239
2.3722604700113781 -0.18234358408282281 0.13675551855707457
2.3707172925767628 -0.18234024641426247 0.13677688072154276
2.3722604886018406 -0.1823619206383631 0.13677365156826629
-2.5545959689357023 -0.1822528767176923 0.13675597977313991
-0.091276468904499808 2.2810671785915559 0.1367560185484562
2.3693383650620348 -0.18110580915320362 0.13677033733804386
-0.091302531818104882 2.27953482279597 0.13677571034211539
-0.091188656916374455 -0.18222070167872584 2.5985138546166242
-0.091167312922061927 -2.6424390983841306 0.13675550849545637
-0.091185334519017225 2.2810841189080389 0.13677355427017499
-0.091164059086476276 -0.18222071107387716 2.5985383994261371
-0.091050317859497909 -0.18222663352140955 2.5985149921409212
-0.089929453563897255 -0.18110582076902304 -2.3250028495594988
-0.091076360697606162 -2.6424561383020517 0.13677301569629163
-2.5512797849172042 -0.1822527194995649 0.1367730153137923
2.369348751267264 -0.18358920562211445 0.13684544695014011
-0.09129709475641512 -0.18247321784037318 2.5986467244852873
-0.092412871689706577 2.2793279422304025 0.13800104846883876
-0.091257289305257672 -0.18358921859840116 -2.3237605449863974
-0.091184811129241261 2.2777507369837746 0.13686453308381363
-0.091165468284917991 -0.18247895132916803 2.5986523015361085
-2.552946469565387 -0.18245281960638238 0.13842298848576462
-0.091170633674519247 -2.645361151632164 0.13801131097412878
-0.091081208376753153 -2.6457561433828047 0.13685971645460704
-0.089534542237368342 -2.6442095109981967 0.13685967680820976
-0.091081126708747462 2.2793136448451268 0.13840633546280401
2.3714277114561533 -0.18319513053266512 0.13760695519438038
2.368927064581472 -0.18236118633219167 0.13686451808680999
-0.091302397345005559 2.2794201266429139 0.1368905281319277
-0.092423242205041944 2.279414689251011 0.13801142718272708
-0.091276380814742097 -0.18236117901559989 -2.3233388714425374
-0.091188562463817568 -0.18236488692735531 -2.3248650682922145
2.3705975192060671 -0.18234037878317558 0.13689642169467664
-0.091185397677606694 2.2794179522983335 0.13843976432426075
-0.091167375504012091 2.2793997706430646 0.13843952199010801
-0.091050292354011297 -0.18236388314141205 -2.3248710149388341
-0.089518163753465885 -0.18234420275744054 -2.3248970887610465
2.3706851777717253 -0.18234433576320866 0.13842275203534982
-0.089929420176826369 2.2794031206515575 0.13801145600433884
-2.5545797428083716 -0.18225759063916769 0.13685967501386731
-0.091271586526220361 -0.18071087106719119 -2.3249018921163156
-0.092018744111355133 -0.18151030160429293 2.5993685449123838
-0.091271568453343832 -0.18225753128275901 -2.3233552344941177
-0.091187454252183997 2.2795348727865372 0.13689071079647785
2.3705936974328412 -0.1806945667393034 0.13686452603867139
-0.091182120471433592 -0.18110580193608783 2.5997730637108418
-2.5529294706726047 -0.18225251911763163 0.1384227194172194
-0.091055706616272047 -0.18223205177847479 -2.3248764055276983
-0.089939832511376494 -0.18111618895022552 2.5986070479235845
-0.091095450358680274 -0.18111620727756517 -2.3237605489203617
-0.089939824558626924 2.2794898190865442 0.1380010601763626
