-1.349411932643374 -0.65258002951962268 -0.71156166775021568
2.5858303472803268 -1.5782469473247795 -0.58503708823542944
-0.78236189863600814 -1.5851416681335606 0.23673054574291363
1.5422568130467607 1.5331271543846947 0.55936037542458905
-1.9330431312412077 -0.57333297505635095 0.29222831537367711
0.48682462363913714 1.4874172431333932 0.78808764389348696
0.50460301547361475 -0.5146934097888245 -0.26619486764722922
-1.2524269954621303 -0.47718700855896301 -0.39340433853118917
0.51783502009117299 -1.5502386098959486 0.085864454223205655
0.2167269450921161 -0.57039000900216408 -1.0460802088407828
1.6189368393957349 -0.46217904355183581 0.12907851257137892
-2.7792021021959545 1.2054452457559428 -0.9569905784125865
-0.6113554021505152 0.072278595488584063 0.15143761739366823
-2.1957125013888357 3.6585281290683058 0.03107331107488065
0.31634837886773681 0.74859739701604866 0.41229330254222152
-0.62273605871299154 -0.73927604667733959 1.8540385890855049
-1.7078996685486736 -2.1202374715812988 2.0692348956643514
-0.57329301193398408 -0.39189039314990737 -1.1899934380801835
1.1607472503434302 -0.27436978834990966 0.70592922338130748
-0.045734788855500419 1.4907976433509162 -1.1417194861698121
-0.38499789264490047 0.0026602516798590603 -1.2523928190655287
0.33236094493371837 0.58312300862906064 0.68700633168372605
-1.7141792402712852 -0.95039298924959326 -0.83709626052330677
-1.7972763800207514 -0.77225891842447325 0.35834403538537174
-0.35421428430515434 0.18001520099797386 0.373426051806236
-0.73866620967466545 0.045309341392352209 0.29136577943411623
1.9477606020232852 -0.72739216117367889 -2.2634612434266899
-0.19357086818172498 -0.74706285552939011 -0.19944908700847419
0.96092478109044421 0.1404048347841691 -0.2983782404002433
-1.7892731812250151 1.3033879331133535 -0.8376173316013702
-1.0220375923735148 1.1575599551703064 1.6267695388956227
-3.2103989589242765 0.015812585799634959 3.1180111371551522
0.42557260424325172 1.2365112900671882 1.2650602667143573
-0.87778112640446437 1.1868431307488492 -0.15620802304061598
-0.98510137069585113 0.77476533716502871 1.2213779220022758
-0.067666943588395867 1.0961691920691186 0.52350966163805523
1.1996877083413349 -1.6500819494691399 -0.40285065675105258
0.81266062976093068 1.6830268817744631 -0.091588992464419761
-0.63488188912619314 -0.22303190440753351 1.0059991452449069
1.7966098182523975 -0.82670888251135111 -0.73273846135432641
0.12542313508490111 2.7926292487139293 -0.41426567989866214
0.56892790754314859 0.11560220704964763 0.74642338725272595
0.30774822805623714 -0.99590835014096157 -1.2597734700321439
0.69855825545639405 -0.045850397199842519 -0.89957142411722923
1.868300545716961 -0.89938185008442417 0.83706951513451422
-0.15092318402842864 -0.14285032084337956 -0.14512469037719633
-0.21991125618958662 0.20537272928677908 1.2081401119674595
-0.67634467549260169 -0.43235735039282019 0.31978427116829966
0.81057155569730366 0.85995196555210818 1.9898746072199991
1.4915185373967077 1.8298500666888984 0.94977606810164872
-0.34894968301646401 1.3065623144092875 0.74054790755451183
-0.36172849723170586 -0.7424470850016518 -1.9198982237296214
1.7126447829616254 -0.014722525154997612 0.71580896244394232
0.73380835030560643 0.05592795111608595 1.3637021616732525
-1.9029395646937874 1.5026854217441432 -0.81371088317783169
1.2424259856078645 0.38957940891515275 0.80999669943060404
-1.0743930976029326 -1.552757387730308 -0.0076317250223834066
-0.60504178812670339 -3.48071722397858 -1.2493746104911274
1.3733904547791331 1.1777758922635329 -2.4639035634141937
0.45853958743324874 1.4245820545074617 1.9713071507574398
-2.0291945115343686 1.3323036916191855 -0.90912135391629789
0.85742737989746853 -0.46972430753611238 0.4078334908874659
1.1722016655725254 -1.0730733812356341 -0.7915453838274189
0.89353891720689305 0.67030810122692408 0.25585533396421667
-0.85937886526799012 -1.0587196674455845 -0.24306459048184514
-1.0370565218438266 -1.4557187421369022 1.079841643187418
2.3947186623605177 -0.66847874602962709 0.89159803926947001
0.12357992486844438 0.28413913589320217 0.54354128542444258
-0.79397784047841036 -0.22550256279818548 1.6675086841153597
-1.6089362851364752 0.89435836915496836 -2.2445687855043861
0.25751849206434585 1.4426493179033884 -0.12142661175970626
-0.32380543189280964 1.387145027826886 0.64340147974650819
0.20427474395567913 -0.75338467005936494 -0.30783122271138552
1.113435186205991 -0.93793322381108268 0.22695346765200242
1.5925621587808969 -1.5349552556258583 -3.1631202230285593
-1.0522402568144962 -2.6087313071290197 -0.18056887245698761
0.151703731929409 0.31228062999977269 -1.4122077402180244
-0.8026628472608266 -0.39774113973578551 -0.93515255120069085
-1.1426664909972573 0.21144599639510986 -0.52026967235119237
1.1269420463957402 0.31746313728397979 -0.25244084882158901
-0.58258708640024359 -0.58294233827216324 -0.12996986052038473
-0.13123120547886558 -1.4070082125480636 -1.2488908598404791
0.92358599054120916 0.063200262661045059 0.33308296107281699
-0.39804766403817027 0.20602447061524032 -0.2077278509263758
0.94296037903873753 -1.392463808870481 -2.0394414988897935
-0.40271572346450846 -0.49877604282855259 -0.58648705617092567
-1.5236726005937173 -0.47801413036485663 1.5392314121005501
-0.97769408851161588 0.8145108864449635 -0.89945374586020144
-0.08801869128494122 0.38599168021202779 1.7658970418428233
1.2728575067024739 1.4639653297405797 -0.12326665121298319
0.72909222859796063 -0.49662763871349824 -1.1148311868245386
1.8683155543203211 -0.53280425996860004 -1.5760671483399102
-0.47819907408808149 -2.6327443650820541 0.82210210439193077
-0.69417231443180683 0.45933787931318193 -0.60360760577227168
1.4538534591117536 0.36325505650136591 3.201841037957065
1.189601004736307 -1.2303611112076673 -1.2096404027295837
-1.2974242723575724 0.67420213103530635 0.27090183208233753
0.021391187443320359 -0.6526992719565472 0.75885784749896157
0.60920527385643908 0.57367479167336199 -1.6699661831783841
0.67913580542022789 -0.86904757466822313 -1.2152931176827586
0.54469683101632249 -0.87497256689239578 0.42537245353030384
0.60013817538795422 3.3569123108312393 -0.30739817931646485
-0.1564340066019243 -1.1432421565569229 -0.65587722853521768
-0.80378415918525015 -0.1605084127938583 -0.50065605057958429
2.0001556094442208 0.94163394476692863 1.106627413300032
-0.86366044699581757 0.85435044954884631 0.88000816587938813
-0.063823115197481073 -0.37651195867516307 0.91818855052627768
0.53440311248165173 1.9349201919611758 0.52860779871455321
