1.2003843844354822 -1.277461990726092 0.32640346031559409
-1.6242816513247771 3.2489988535633896 0.92272684394911764
-0.077238041955141057 0.15273269404003642 -1.7969987168151569
-1.7179047125188696 -0.12692855369023093 0.54146621508122106
1.0854596079609702 2.4796535052857838 0.28839458349300129
3.0590624320805255 0.50905193097827706 0.043238798940803402
0.8033966772296175 -1.4192360122696894 -0.50905036529946823
0.1198434465085052 0.23538117210541998 0.78404376257790176
0.3481202188724275 -0.37748806669934964 -0.28810183552230306
-0.16005100234561809 -0.42581774324013111 0.84092173604777276
-0.94608168732213116 -0.59062643049323515 -0.078829935015900521
-0.019493150268168336 -1.6907936929921874 1.9082134980685783
-0.88836291133453926 -2.0532745823704235 -0.4956833642641989
0.50382321684983022 0.24711017752754305 0.13059963887984694
-0.93939485249791566 -1.0333590877795729 -1.4075878889187599
1.0379246131000386 -0.61894037323195761 -2.5715308133862358
-0.5940691055408287 0.60073352673029734 -0.90145199442925872
1.2565070364984054 -0.36233845568456324 0.60762745548892383
1.0340704926230515 0.011445711693425231 0.10379743108018813
-0.9252133453800937 1.9559121363093013 -1.6277779750988319
-2.0310678130111004 1.4859772391300208 1.6430678486467343
0.52533254045661337 -0.47947393916114578 0.22084754488504998
-1.8362297527687588 -1.255636801988036 -0.55102804799209149
2.2527568535970488 1.7374823845139886 1.4676101472155256
0.69467537055789563 0.12317082721580164 0.11445414523365144
-1.2790679896123314 -0.023481652053236601 -1.041166079510436
-1.0192255104044534 -2.3996251951612368 0.055250508625537265
1.9626186061333373 1.0785042882055507 0.27718357257477955
0.82076497026717377 -1.8904216054295153 -0.53086377885474401
0.69981842461507704 -1.053949561006684 2.3474855081158097
-1.814684249805909 -0.46522842509233442 -0.60307554569538624
-0.83598205824708671 0.31031167710260377 0.20198264109594355
-1.0099328851405076 -0.1798519856803793 0.32096233504080862
1.6120730936899363 1.0295005831300053 1.8137310733126188
-0.026260494296437287 0.637967446013743 0.15842551702949237
-3.3523912026749425 -0.4861474500474916 2.9238430305113527
1.1625397296828321 -1.7249345279117811 -2.3298656345376312
0.090686801822226215 0.40552637522806023 -0.60406554816205826
-0.68790976021060324 0.043553991060818475 1.0181429645462758
1.0183512931201122 0.27363316315387465 0.91697432962559167
-0.82660213063601162 0.072152977004691365 -1.5973337559971879
0.76658898212134119 1.0892839780001218 1.1024741995822041
0.092738603480913007 1.2982168771034641 0.60369311047525631
0.24521940946276022 0.8693083161408488 1.5708350560438844
-1.3069997540342548 0.70811966819750438 -0.6174404756957852
-1.7994188185002091 -1.4000517317895866 1.2373895248443123
0.57049107015716416 -1.1926188337050281 1.0395678717063372
0.98272682556999058 -0.20906246450946853 0.70475244733825271
1.6388788562742285 -0.092022505474048666 -1.1502507583505128
1.8416992976072466 -1.3791556867819299 0.94445163024536871
1.143055731835471 1.2246822586602368 -0.15045277746672525
0.65690713082267038 0.63669605733673862 -0.61740850705849226
1.5782512708522045 0.58347653830004287 -1.100700322668402
-2.3780928964752812 1.8731758708208091 -0.43510488414555404
0.16658644853262405 1.3751853983396956 -0.67678001102899898
-1.312352482841006 0.77865211166028292 -2.7302929661243702
0.038127987764813298 1.0503368906848998 0.34017007989861625
0.60116567434675972 -0.033832835405922523 1.3491970523689112
-0.34533900034203202 -0.23273198637419057 -0.81089757625862902
-0.42598988201547616 0.73307707303293945 0.3194112377542524
-1.9033372658996406 -1.020949147336303 -1.4611975222462714
0.36573527761163405 -0.055394756012905333 -0.51693486180659498
-1.3035623650272665 -0.84195048560598007 -2.6059506472635441
-0.71409190984383919 -0.47437213673306999 -0.45629401919133894
-0.33116783006992279 0.9450484485105104 1.0619845697739105
0.89745075688663078 0.81207306170172355 -2.356305068515141
0.45498849969849431 -0.28729213171913015 -0.036724490956707712
-1.2519401359605276 1.6309633080360264 -0.019794212040125103
-0.46998997319114277 0.9205909187026684 2.0203159961714734
0.42394115442889735 -1.3017448168834989 -1.3001209056095995
0.60525922600129789 0.37614369806626691 0.047987792619608172
-0.10833841921104037 -1.0209629144248833 -0.94613196559389934
-2.6427583735837423 0.34266402533411622 0.29214676325706179
0.83497677570099071 -1.1553105446395762 0.58163919966514044
-0.48539773994882296 -0.44074075207145569 1.5258729584823882
-1.3150761891638219 0.70196998293470259 -1.8933605176445489
2.2415571411162905 -0.91502774398133369 0.65702729781458302
0.33627645512535054 1.2280330325697975 -0.47102061957682295
0.77814110983531748 -1.2191495593194546 -0.40040909565941529
-0.42905689484329379 -0.35547011084702262 2.0571657426842194
1.6923531784400758 0.89464522096172061 -1.3723978097922307
0.73844083636287472 0.097099356186181041 1.8542196064190719
-0.93253502382673048 1.7102656857805876 0.66213727030994818
0.2379737717814745 -2.0350591755955438 0.08456819146548944
-1.1764671333203136 1.2115274565351331 0.41783243990889396
0.36519850955341049 -0.95518485007639597 0.2462341016178371
1.6866239374844216 -0.38705115444992444 1.3887431954722196
0.27565337629020803 -0.35567104961511942 -0.89228257761542196
-0.38449290311026729 0.88594412668108191 -0.022462873786599502
0.37965871637446469 -0.54071486119888768 -1.2971571006279436
0.34059995698543233 0.6367335497703408 -0.47755506958058191
-1.1825354695456092 -1.0616032084398708 1.4547619190018457
-0.49552965830851337 -1.3724982876088809 0.57192098540914671
0.016896027375423728 1.5754091991078134 -2.1943497568763792
1.1164581486942105 0.9885459342116043 -1.3515249594340251
0.36683972184081703 0.53523450820747165 -0.164912618728974
-1.0829253915201065 -1.1395709255075381 -0.66568477308992513
-1.136058702027043 0.9286061254314415 0.89492073758767887
1.3440156881467935 0.31655159774546249 0.63043714610366841
1.1019735758373006 -3.0254620313432401 1.2424893742024601
-0.087917088575695246 0.1267493260694863 0.87364434787978729
-0.93015086842007655 -1.1431298676404245 0.90518438113285082
1.211473792569695 0.89352779222962031 -0.67224080812477993
0.86310449261173261 -0.59732334705775436 -2.195748240904738
-0.31315066835757577 0.87927294479861473 -0.75343119898318989
1.4412898420095299 -1.3602179122822466 0.95321082797616974
-1.2301974566457652 -0.39968651060751093 -1.0030847282109789
-1.6412124658684579 0.43941946051084813 1.1370343550789475
